This is pdfTeX, Version 3.1415926-2.4-1.40.13 (MiKTeX 2.9 64-bit) (preloaded format=pdflatex 2014.3.13)  22 AUG 2014 18:08
entering extended mode
**C:/Users/Madimetja/Documents/GitHub/Grape__COS301_Main_Project/Grape__COS301_
Main_Project/Documentation/Project*Documentation/Latest*Documentation*22*Aug/So
ftware_Architecture_Document.tex

("C:/Users/Madimetja/Documents/GitHub/Grape__COS301_Main_Project/Grape__COS301_
Main_Project/Documentation/Project Documentation/Latest Documentation 22 Aug/So
ftware_Architecture_Document.tex"
LaTeX2e <2011/06/27>
Babel <v3.8m> and hyphenation patterns for english, afrikaans, ancientgreek, ar
abic, armenian, assamese, basque, bengali, bokmal, bulgarian, catalan, coptic, 
croatian, czech, danish, dutch, esperanto, estonian, farsi, finnish, french, ga
lician, german, german-x-2012-05-30, greek, gujarati, hindi, hungarian, iceland
ic, indonesian, interlingua, irish, italian, kannada, kurmanji, latin, latvian,
 lithuanian, malayalam, marathi, mongolian, mongolianlmc, monogreek, ngerman, n
german-x-2012-05-30, nynorsk, oriya, panjabi, pinyin, polish, portuguese, roman
ian, russian, sanskrit, serbian, slovak, slovenian, spanish, swedish, swissgerm
an, tamil, telugu, turkish, turkmen, ukenglish, ukrainian, uppersorbian, usengl
ishmax, welsh, loaded.
("C:\Program Files\MiKTeX 2.9\tex\latex\base\article.cls"
Document Class: article 2007/10/19 v1.4h Standard LaTeX document class
("C:\Program Files\MiKTeX 2.9\tex\latex\base\size12.clo"
File: size12.clo 2007/10/19 v1.4h Standard LaTeX file (size option)
)
\c@part=\count79
\c@section=\count80
\c@subsection=\count81
\c@subsubsection=\count82
\c@paragraph=\count83
\c@subparagraph=\count84
\c@figure=\count85
\c@table=\count86
\abovecaptionskip=\skip41
\belowcaptionskip=\skip42
\bibindent=\dimen102
)
("C:\Program Files\MiKTeX 2.9\tex\latex\lastpage\lastpage.sty"
Package: lastpage 2013/01/28 v1.2l Refers to last page's name (HMM; JPG)
)
("C:\Program Files\MiKTeX 2.9\tex\latex\fancyhdr\extramarks.sty"
\@temptokenb=\toks14
)
("C:\Program Files\MiKTeX 2.9\tex\latex\graphics\graphicx.sty"
Package: graphicx 1999/02/16 v1.0f Enhanced LaTeX Graphics (DPC,SPQR)

("C:\Program Files\MiKTeX 2.9\tex\latex\graphics\keyval.sty"
Package: keyval 1999/03/16 v1.13 key=value parser (DPC)
\KV@toks@=\toks15
)
("C:\Program Files\MiKTeX 2.9\tex\latex\graphics\graphics.sty"
Package: graphics 2009/02/05 v1.0o Standard LaTeX Graphics (DPC,SPQR)

("C:\Program Files\MiKTeX 2.9\tex\latex\graphics\trig.sty"
Package: trig 1999/03/16 v1.09 sin cos tan (DPC)
)
("C:\Program Files\MiKTeX 2.9\tex\latex\00miktex\graphics.cfg"
File: graphics.cfg 2007/01/18 v1.5 graphics configuration of teTeX/TeXLive
)
Package graphics Info: Driver file: pdftex.def on input line 91.

("C:\Program Files\MiKTeX 2.9\tex\latex\pdftex-def\pdftex.def"
File: pdftex.def 2011/05/27 v0.06d Graphics/color for pdfTeX

("C:\Program Files\MiKTeX 2.9\tex\generic\oberdiek\infwarerr.sty"
Package: infwarerr 2010/04/08 v1.3 Providing info/warning/error messages (HO)
)
("C:\Program Files\MiKTeX 2.9\tex\generic\oberdiek\ltxcmds.sty"
Package: ltxcmds 2011/11/09 v1.22 LaTeX kernel commands for general use (HO)
)
\Gread@gobject=\count87
))
\Gin@req@height=\dimen103
\Gin@req@width=\dimen104
)
("C:\Program Files\MiKTeX 2.9\tex\latex\listings\listings.sty"
\lst@mode=\count88
\lst@gtempboxa=\box26
\lst@token=\toks16
\lst@length=\count89
\lst@currlwidth=\dimen105
\lst@column=\count90
\lst@pos=\count91
\lst@lostspace=\dimen106
\lst@width=\dimen107
\lst@newlines=\count92
\lst@lineno=\count93
\lst@maxwidth=\dimen108

("C:\Program Files\MiKTeX 2.9\tex\latex\listings\lstmisc.sty"
File: lstmisc.sty 2007/02/22 1.4 (Carsten Heinz)
\c@lstnumber=\count94
\lst@skipnumbers=\count95
\lst@framebox=\box27
)
("C:\Program Files\MiKTeX 2.9\tex\latex\listings\listings.cfg"
File: listings.cfg 2007/02/22 1.4 listings configuration
))
Package: listings 2007/02/22 1.4 (Carsten Heinz)

("C:\Program Files\MiKTeX 2.9\tex\latex\psnfss\courier.sty"
Package: courier 2005/04/12 PSNFSS-v9.2a (WaS) 
)
("C:\Program Files\MiKTeX 2.9\tex\latex\graphics\color.sty"
Package: color 2005/11/14 v1.0j Standard LaTeX Color (DPC)

("C:\Program Files\MiKTeX 2.9\tex\latex\00miktex\color.cfg"
File: color.cfg 2007/01/18 v1.5 color configuration of teTeX/TeXLive
)
Package color Info: Driver file: pdftex.def on input line 130.
)
("C:\Users\Madimetja\Documents\GitHub\Grape__COS301_Main_Project\Grape__COS301_
Main_Project\Documentation\Project Documentation\Latest Documentation 22 Aug\So
ftware_Architecture_Document.aux"

LaTeX Warning: Label `domain objects' multiply defined.


LaTeX Warning: Label `domain objects' multiply defined.


LaTeX Warning: Label `domain objects' multiply defined.


LaTeX Warning: Label `domain objects' multiply defined.


LaTeX Warning: Label `domain objects' multiply defined.

)
LaTeX Font Info:    Checking defaults for OML/cmm/m/it on input line 23.
LaTeX Font Info:    ... okay on input line 23.
LaTeX Font Info:    Checking defaults for T1/cmr/m/n on input line 23.
LaTeX Font Info:    ... okay on input line 23.
LaTeX Font Info:    Checking defaults for OT1/cmr/m/n on input line 23.
LaTeX Font Info:    ... okay on input line 23.
LaTeX Font Info:    Checking defaults for OMS/cmsy/m/n on input line 23.
LaTeX Font Info:    ... okay on input line 23.
LaTeX Font Info:    Checking defaults for OMX/cmex/m/n on input line 23.
LaTeX Font Info:    ... okay on input line 23.
LaTeX Font Info:    Checking defaults for U/cmr/m/n on input line 23.
LaTeX Font Info:    ... okay on input line 23.
Package lastpage Info: Please have a look at the pageslts package at
(lastpage)             http://www.ctan.org/tex-archive/ 
(lastpage)             macros/latex/contrib/pageslts/ 
(lastpage)             or
(lastpage)             http://www.ctan.org/tex-archive/ 
(lastpage)             install/macros/latex/contrib/pageslts.tds.zip
(lastpage)             ! on input line 23.
 ("C:\Program Files\MiKTeX 2.9\tex\context\base\supp-pdf.mkii"
[Loading MPS to PDF converter (version 2006.09.02).]
\scratchcounter=\count96
\scratchdimen=\dimen109
\scratchbox=\box28
\nofMPsegments=\count97
\nofMParguments=\count98
\everyMPshowfont=\toks17
\MPscratchCnt=\count99
\MPscratchDim=\dimen110
\MPnumerator=\count100
\makeMPintoPDFobject=\count101
\everyMPtoPDFconversion=\toks18
)
\c@lstlisting=\count102
 <Logo8.png, id=1, 943.525pt x 354.32375pt>
File: Logo8.png Graphic file (type png)
 <use Logo8.png>
Package pdftex.def Info: Logo8.png used on input line 34.
(pdftex.def)             Requested size: 377.4033pt x 141.72697pt.
 [1

{C:/ProgramData/MiKTeX/2.9/pdftex/config/pdftex.map} <C:/Users/Madimetja/Docume
nts/GitHub/Grape__COS301_Main_Project/Grape__COS301_Main_Project/Documentation/
Project Documentation/Latest Documentation 22 Aug/Logo8.png>]
LaTeX Font Info:    External font `cmex10' loaded for size
(Font)              <14.4> on input line 50.
LaTeX Font Info:    External font `cmex10' loaded for size
(Font)              <7> on input line 50.

Overfull \hbox (30.7561pt too wide) in paragraph at lines 49--68
[] 
 []

[2]
("C:\Users\Madimetja\Documents\GitHub\Grape__COS301_Main_Project\Grape__COS301_
Main_Project\Documentation\Project Documentation\Latest Documentation 22 Aug\So
ftware_Architecture_Document.toc" [3])
\tf@toc=\write3
 [4]
LaTeX Font Info:    Try loading font information for OMS+cmr on input line 80.

("C:\Program Files\MiKTeX 2.9\tex\latex\base\omscmr.fd"
File: omscmr.fd 1999/05/25 v2.5h Standard LaTeX font definitions
)
LaTeX Font Info:    Font shape `OMS/cmr/m/n' in size <14.4> not available
(Font)              Font shape `OMS/cmsy/m/n' tried instead on input line 80.
 [5] [6] [7] [8]
<./activity.png, id=34, 773.89125pt x 360.59718pt>
File: ./activity.png Graphic file (type png)
 <use ./activity.png>
Package pdftex.def Info: ./activity.png used on input line 148.
(pdftex.def)             Requested size: 464.33833pt x 216.35997pt.

[9 <C:/Users/Madimetja/Documents/GitHub/Grape__COS301_Main_Project/Grape__COS30
1_Main_Project/Documentation/Project Documentation/Latest Documentation 22 Aug/
activity.png>]
Underfull \hbox (badness 10000) in paragraph at lines 161--165

 []

<./matching_engine_use_case.png, id=39, 433.62pt x 328.22626pt>
File: ./matching_engine_use_case.png Graphic file (type png)

<use ./matching_engine_use_case.png>
Package pdftex.def Info: ./matching_engine_use_case.png used on input line 177.

(pdftex.def)             Requested size: 346.89647pt x 262.58136pt.
 [10]
Underfull \hbox (badness 10000) in paragraph at lines 190--194

 []


Underfull \hbox (badness 10000) in paragraph at lines 195--196

 []

[11 <C:/Users/Madimetja/Documents/GitHub/Grape__COS301_Main_Project/Grape__COS3
01_Main_Project/Documentation/Project Documentation/Latest Documentation 22 Aug
/matching_engine_use_case.png (PNG copy)>]
<./USE_CASE_Market_Attempt_Book_Financial_Market_Simulator.jpg, id=46, 492.3393
7pt x 255.95625pt>
File: ./USE_CASE_Market_Attempt_Book_Financial_Market_Simulator.jpg Graphic fil
e (type jpg)

<use ./USE_CASE_Market_Attempt_Book_Financial_Market_Simulator.jpg>
Package pdftex.def Info: ./USE_CASE_Market_Attempt_Book_Financial_Market_Simula
tor.jpg used on input line 201.
(pdftex.def)             Requested size: 295.40588pt x 153.57492pt.

Underfull \hbox (badness 10000) in paragraph at lines 213--216

 []


Underfull \hbox (badness 10000) in paragraph at lines 217--218

 []

[12 <C:/Users/Madimetja/Documents/GitHub/Grape__COS301_Main_Project/Grape__COS3
01_Main_Project/Documentation/Project Documentation/Latest Documentation 22 Aug
/USE_CASE_Market_Attempt_Book_Financial_Market_Simulator.jpg>]
Underfull \hbox (badness 10000) in paragraph at lines 228--231

 []


Underfull \hbox (badness 10000) in paragraph at lines 248--250

 []

[13]
Underfull \hbox (badness 10000) in paragraph at lines 276--277

 []

[14]
<./USE_CASE_Create_Market_Participant_Financial_Market_Simulator.jpg, id=57, 47
2.76625pt x 303.38344pt>
File: ./USE_CASE_Create_Market_Participant_Financial_Market_Simulator.jpg Graph
ic file (type jpg)

<use ./USE_CASE_Create_Market_Participant_Financial_Market_Simulator.jpg>
Package pdftex.def Info: ./USE_CASE_Create_Market_Participant_Financial_Market_
Simulator.jpg used on input line 282.
(pdftex.def)             Requested size: 283.66193pt x 182.03146pt.

Underfull \hbox (badness 10000) in paragraph at lines 293--294

 []

[15 <C:/Users/Madimetja/Documents/GitHub/Grape__COS301_Main_Project/Grape__COS3
01_Main_Project/Documentation/Project Documentation/Latest Documentation 22 Aug
/USE_CASE_Create_Market_Participant_Financial_Market_Simulator.jpg>]
Underfull \hbox (badness 10000) in paragraph at lines 301--302

 []

[16]
<./USE_CASE_Select_Simulator_Financial_Market_Simulator.png, id=64, 456.20438pt
 x 286.82156pt>
File: ./USE_CASE_Select_Simulator_Financial_Market_Simulator.png Graphic file (
type png)

<use ./USE_CASE_Select_Simulator_Financial_Market_Simulator.png>
Package pdftex.def Info: ./USE_CASE_Select_Simulator_Financial_Market_Simulator
.png used on input line 335.
(pdftex.def)             Requested size: 364.96399pt x 229.45755pt.

<./USE_CASE_Run_Simulator_Financial_Market_Simulator.png, id=65, 538.26094pt x 
272.51813pt>
File: ./USE_CASE_Run_Simulator_Financial_Market_Simulator.png Graphic file (typ
e png)
 <use ./USE_CASE_Run_Simulator_Financial_Market_Simulator.png>
Package pdftex.def Info: ./USE_CASE_Run_Simulator_Financial_Market_Simulator.pn
g used on input line 342.
(pdftex.def)             Requested size: 430.60934pt x 218.01479pt.

[17 <C:/Users/Madimetja/Documents/GitHub/Grape__COS301_Main_Project/Grape__COS3
01_Main_Project/Documentation/Project Documentation/Latest Documentation 22 Aug
/USE_CASE_Select_Simulator_Financial_Market_Simulator.png>] [18 <C:/Users/Madim
etja/Documents/GitHub/Grape__COS301_Main_Project/Grape__COS301_Main_Project/Doc
umentation/Project Documentation/Latest Documentation 22 Aug/USE_CASE_Run_Simul
ator_Financial_Market_Simulator.png>] [19]
<./ClassDiagram.jpg, id=78, 2127.44812pt x 1042.64531pt>
File: ./ClassDiagram.jpg Graphic file (type jpg)

<use ./ClassDiagram.jpg>
Package pdftex.def Info: ./ClassDiagram.jpg used on input line 388.
(pdftex.def)             Requested size: 744.61801pt x 364.93132pt.


LaTeX Warning: Float too large for page by 63.72203pt on input line 391.

[20 <C:/Users/Madimetja/Documents/GitHub/Grape__COS301_Main_Project/Grape__COS3
01_Main_Project/Documentation/Project Documentation/Latest Documentation 22 Aug
/ClassDiagram.jpg>] 
AED: lastpage setting LastPage
[21


]
("C:\Users\Madimetja\Documents\GitHub\Grape__COS301_Main_Project\Grape__COS301_
Main_Project\Documentation\Project Documentation\Latest Documentation 22 Aug\So
ftware_Architecture_Document.aux")

LaTeX Warning: There were multiply-defined labels.

 ) 
Here is how much of TeX's memory you used:
 2484 strings out of 493921
 37694 string characters out of 3147270
 92026 words of memory out of 3000000
 5781 multiletter control sequences out of 15000+200000
 7332 words of font info for 26 fonts, out of 3000000 for 9000
 841 hyphenation exceptions out of 8191
 27i,10n,32p,674b,317s stack positions out of 5000i,500n,10000p,200000b,50000s
<C:/Program Files/MiKTeX 2.9/fonts/type1/public/amsfonts/cm/cmbx10.pfb><C:/Pr
ogram Files/MiKTeX 2.9/fonts/type1/public/amsfonts/cm/cmbx12.pfb><C:/Program Fi
les/MiKTeX 2.9/fonts/type1/public/amsfonts/cm/cmr12.pfb><C:/Program Files/MiKTe
X 2.9/fonts/type1/public/amsfonts/cm/cmsy10.pfb><C:/Program Files/MiKTeX 2.9/fo
nts/type1/public/amsfonts/cm/cmti12.pfb>
Output written on Software_Architecture_Document.pdf (21 pages, 1512387 bytes).

PDF statistics:
 102 PDF objects out of 1000 (max. 8388607)
 0 named destinations out of 1000 (max. 500000)
 41 words of extra memory for PDF output out of 10000 (max. 10000000)

